# JRE version: OpenJDK Runtime Environment (8.0_352-b08) (build 1.8.0_352-b08)
# Java VM: OpenJDK 64-Bit Server VM (25.352-b08 mixed mode windows-amd64 compressed oops)
Heap:
 PSYoungGen      total 75264K, used 38149K [0x000000076c300000, 0x0000000775600000, 0x00000007c0000000)
  eden space 64512K, 59% used [0x000000076c300000,0x000000076e841540,0x0000000770200000)
  from space 10752K, 0% used [0x0000000770c80000,0x0000000770c80000,0x0000000771700000)
  to   space 10752K, 0% used [0x0000000770200000,0x0000000770200000,0x0000000770c80000)
 ParOldGen       total 83968K, used 6771K [0x00000006c4800000, 0x00000006c9a00000, 0x000000076c300000)
  object space 83968K, 8% used [0x00000006c4800000,0x00000006c4e9cfa8,0x00000006c9a00000)
 Metaspace       used 22540K, capacity 22700K, committed 22912K, reserved 1069056K
  class space    used 2590K, capacity 2650K, committed 2688K, reserved 1048576K
GC Heap History (6 events):
Event: 1.939 GC heap before
{Heap before GC invocations=1 (full 0):
 PSYoungGen      total 75264K, used 64512K [0x000000076c300000, 0x0000000771700000, 0x00000007c0000000)
  eden space 64512K, 100% used [0x000000076c300000,0x0000000770200000,0x0000000770200000)
  from space 10752K, 0% used [0x0000000770c80000,0x0000000770c80000,0x0000000771700000)
  to   space 10752K, 0% used [0x0000000770200000,0x0000000770200000,0x0000000770c80000)
 ParOldGen       total 172032K, used 0K [0x00000006c4800000, 0x00000006cf000000, 0x000000076c300000)
  object space 172032K, 0% used [0x00000006c4800000,0x00000006c4800000,0x00000006cf000000)
 Metaspace       used 20665K, capacity 20876K, committed 20992K, reserved 1067008K
  class space    used 2423K, capacity 2490K, committed 2560K, reserved 1048576K
Event: 1.945 GC heap after
Heap after GC invocations=1 (full 0):
 PSYoungGen      total 75264K, used 6671K [0x000000076c300000, 0x0000000771700000, 0x00000007c0000000)
  eden space 64512K, 0% used [0x000000076c300000,0x000000076c300000,0x0000000770200000)
  from space 10752K, 62% used [0x0000000770200000,0x0000000770883e88,0x0000000770c80000)
  to   space 10752K, 0% used [0x0000000770c80000,0x0000000770c80000,0x0000000771700000)
 ParOldGen       total 172032K, used 88K [0x00000006c4800000, 0x00000006cf000000, 0x000000076c300000)
  object space 172032K, 0% used [0x00000006c4800000,0x00000006c4816010,0x00000006cf000000)
 Metaspace       used 20665K, capacity 20876K, committed 20992K, reserved 1067008K
  class space    used 2423K, capacity 2490K, committed 2560K, reserved 1048576K
}
Event: 1.968 GC heap before
{Heap before GC invocations=2 (full 0):
 PSYoungGen      total 75264K, used 13235K [0x000000076c300000, 0x0000000771700000, 0x00000007c0000000)
  eden space 64512K, 10% used [0x000000076c300000,0x000000076c968f68,0x0000000770200000)
  from space 10752K, 62% used [0x0000000770200000,0x0000000770883e88,0x0000000770c80000)
  to   space 10752K, 0% used [0x0000000770c80000,0x0000000770c80000,0x0000000771700000)
 ParOldGen       total 172032K, used 88K [0x00000006c4800000, 0x00000006cf000000, 0x000000076c300000)
  object space 172032K, 0% used [0x00000006c4800000,0x00000006c4816010,0x00000006cf000000)
 Metaspace       used 21008K, capacity 21164K, committed 21248K, reserved 1069056K
  class space    used 2461K, capacity 2522K, committed 2560K, reserved 1048576K
Event: 1.971 GC heap after
Heap after GC invocations=2 (full 0):
 PSYoungGen      total 75264K, used 10734K [0x000000076c300000, 0x0000000775600000, 0x00000007c0000000)
  eden space 64512K, 0% used [0x000000076c300000,0x000000076c300000,0x0000000770200000)
  from space 10752K, 99% used [0x0000000770c80000,0x00000007716fba40,0x0000000771700000)
  to   space 10752K, 0% used [0x0000000770200000,0x0000000770200000,0x0000000770c80000)
 ParOldGen       total 172032K, used 252K [0x00000006c4800000, 0x00000006cf000000, 0x000000076c300000)
  object space 172032K, 0% used [0x00000006c4800000,0x00000006c483f358,0x00000006cf000000)
 Metaspace       used 21008K, capacity 21164K, committed 21248K, reserved 1069056K
  class space    used 2461K, capacity 2522K, committed 2560K, reserved 1048576K
}
Event: 1.971 GC heap before
{Heap before GC invocations=3 (full 1):
 PSYoungGen      total 75264K, used 10734K [0x000000076c300000, 0x0000000775600000, 0x00000007c0000000)
  eden space 64512K, 0% used [0x000000076c300000,0x000000076c300000,0x0000000770200000)
  from space 10752K, 99% used [0x0000000770c80000,0x00000007716fba40,0x0000000771700000)
  to   space 10752K, 0% used [0x0000000770200000,0x0000000770200000,0x0000000770c80000)
 ParOldGen       total 172032K, used 252K [0x00000006c4800000, 0x00000006cf000000, 0x000000076c300000)
  object space 172032K, 0% used [0x00000006c4800000,0x00000006c483f358,0x00000006cf000000)
 Metaspace       used 21008K, capacity 21164K, committed 21248K, reserved 1069056K
  class space    used 2461K, capacity 2522K, committed 2560K, reserved 1048576K
Event: 1.998 GC heap after
Heap after GC invocations=3 (full 1):
 PSYoungGen      total 75264K, used 0K [0x000000076c300000, 0x0000000775600000, 0x00000007c0000000)
  eden space 64512K, 0% used [0x000000076c300000,0x000000076c300000,0x0000000770200000)
  from space 10752K, 0% used [0x0000000770c80000,0x0000000770c80000,0x0000000771700000)
  to   space 10752K, 0% used [0x0000000770200000,0x0000000770200000,0x0000000770c80000)
 ParOldGen       total 83968K, used 6771K [0x00000006c4800000, 0x00000006c9a00000, 0x000000076c300000)
  object space 83968K, 8% used [0x00000006c4800000,0x00000006c4e9cfa8,0x00000006c9a00000)
 Metaspace       used 21008K, capacity 21164K, committed 21248K, reserved 1069056K
  class space    used 2461K, capacity 2522K, committed 2560K, reserved 1048576K
}

