# JRE version: OpenJDK Runtime Environment (8.0_352-b08) (build 1.8.0_352-b08)
# Java VM: OpenJDK 64-Bit Server VM (25.352-b08 mixed mode windows-amd64 compressed oops)
Heap:
 PSYoungGen      total 139776K, used 107383K [0x000000076c300000, 0x0000000775600000, 0x00000007c0000000)
  eden space 129024K, 83% used [0x000000076c300000,0x0000000772bddc90,0x0000000774100000)
  from space 10752K, 0% used [0x0000000774b80000,0x0000000774b80000,0x0000000775600000)
  to   space 10752K, 0% used [0x0000000774100000,0x0000000774100000,0x0000000774b80000)
 ParOldGen       total 76800K, used 6711K [0x00000006c4800000, 0x00000006c9300000, 0x000000076c300000)
  object space 76800K, 8% used [0x00000006c4800000,0x00000006c4e8df50,0x00000006c9300000)
 Metaspace       used 23497K, capacity 23720K, committed 24064K, reserved 1071104K
  class space    used 2629K, capacity 2714K, committed 2816K, reserved 1048576K
GC Heap History (6 events):
Event: 1.043 GC heap before
{Heap before GC invocations=1 (full 0):
 PSYoungGen      total 75264K, used 64512K [0x000000076c300000, 0x0000000771700000, 0x00000007c0000000)
  eden space 64512K, 100% used [0x000000076c300000,0x0000000770200000,0x0000000770200000)
  from space 10752K, 0% used [0x0000000770c80000,0x0000000770c80000,0x0000000771700000)
  to   space 10752K, 0% used [0x0000000770200000,0x0000000770200000,0x0000000770c80000)
 ParOldGen       total 172032K, used 0K [0x00000006c4800000, 0x00000006cf000000, 0x000000076c300000)
  object space 172032K, 0% used [0x00000006c4800000,0x00000006c4800000,0x00000006cf000000)
 Metaspace       used 20873K, capacity 21124K, committed 21248K, reserved 1069056K
  class space    used 2451K, capacity 2554K, committed 2560K, reserved 1048576K
Event: 1.068 GC heap after
Heap after GC invocations=1 (full 0):
 PSYoungGen      total 75264K, used 6587K [0x000000076c300000, 0x0000000775600000, 0x00000007c0000000)
  eden space 64512K, 0% used [0x000000076c300000,0x000000076c300000,0x0000000770200000)
  from space 10752K, 61% used [0x0000000770200000,0x000000077086ed18,0x0000000770c80000)
  to   space 10752K, 0% used [0x0000000774b80000,0x0000000774b80000,0x0000000775600000)
 ParOldGen       total 172032K, used 88K [0x00000006c4800000, 0x00000006cf000000, 0x000000076c300000)
  object space 172032K, 0% used [0x00000006c4800000,0x00000006c4816010,0x00000006cf000000)
 Metaspace       used 20873K, capacity 21124K, committed 21248K, reserved 1069056K
  class space    used 2451K, capacity 2554K, committed 2560K, reserved 1048576K
}
Event: 1.073 GC heap before
{Heap before GC invocations=2 (full 0):
 PSYoungGen      total 75264K, used 11860K [0x000000076c300000, 0x0000000775600000, 0x00000007c0000000)
  eden space 64512K, 8% used [0x000000076c300000,0x000000076c826510,0x0000000770200000)
  from space 10752K, 61% used [0x0000000770200000,0x000000077086ed18,0x0000000770c80000)
  to   space 10752K, 0% used [0x0000000774b80000,0x0000000774b80000,0x0000000775600000)
 ParOldGen       total 172032K, used 88K [0x00000006c4800000, 0x00000006cf000000, 0x000000076c300000)
  object space 172032K, 0% used [0x00000006c4800000,0x00000006c4816010,0x00000006cf000000)
 Metaspace       used 20984K, capacity 21188K, committed 21248K, reserved 1069056K
  class space    used 2460K, capacity 2554K, committed 2560K, reserved 1048576K
Event: 1.086 GC heap after
Heap after GC invocations=2 (full 0):
 PSYoungGen      total 139776K, used 10734K [0x000000076c300000, 0x0000000775600000, 0x00000007c0000000)
  eden space 129024K, 0% used [0x000000076c300000,0x000000076c300000,0x0000000774100000)
  from space 10752K, 99% used [0x0000000774b80000,0x00000007755fba40,0x0000000775600000)
  to   space 10752K, 0% used [0x0000000774100000,0x0000000774100000,0x0000000774b80000)
 ParOldGen       total 172032K, used 232K [0x00000006c4800000, 0x00000006cf000000, 0x000000076c300000)
  object space 172032K, 0% used [0x00000006c4800000,0x00000006c483a010,0x00000006cf000000)
 Metaspace       used 20984K, capacity 21188K, committed 21248K, reserved 1069056K
  class space    used 2460K, capacity 2554K, committed 2560K, reserved 1048576K
}
Event: 1.086 GC heap before
{Heap before GC invocations=3 (full 1):
 PSYoungGen      total 139776K, used 10734K [0x000000076c300000, 0x0000000775600000, 0x00000007c0000000)
  eden space 129024K, 0% used [0x000000076c300000,0x000000076c300000,0x0000000774100000)
  from space 10752K, 99% used [0x0000000774b80000,0x00000007755fba40,0x0000000775600000)
  to   space 10752K, 0% used [0x0000000774100000,0x0000000774100000,0x0000000774b80000)
 ParOldGen       total 172032K, used 232K [0x00000006c4800000, 0x00000006cf000000, 0x000000076c300000)
  object space 172032K, 0% used [0x00000006c4800000,0x00000006c483a010,0x00000006cf000000)
 Metaspace       used 20984K, capacity 21188K, committed 21248K, reserved 1069056K
  class space    used 2460K, capacity 2554K, committed 2560K, reserved 1048576K
Event: 1.119 GC heap after
Heap after GC invocations=3 (full 1):
 PSYoungGen      total 139776K, used 0K [0x000000076c300000, 0x0000000775600000, 0x00000007c0000000)
  eden space 129024K, 0% used [0x000000076c300000,0x000000076c300000,0x0000000774100000)
  from space 10752K, 0% used [0x0000000774b80000,0x0000000774b80000,0x0000000775600000)
  to   space 10752K, 0% used [0x0000000774100000,0x0000000774100000,0x0000000774b80000)
 ParOldGen       total 76800K, used 6711K [0x00000006c4800000, 0x00000006c9300000, 0x000000076c300000)
  object space 76800K, 8% used [0x00000006c4800000,0x00000006c4e8df50,0x00000006c9300000)
 Metaspace       used 20984K, capacity 21188K, committed 21248K, reserved 1069056K
  class space    used 2460K, capacity 2554K, committed 2560K, reserved 1048576K
}

